нояб. 07, 2021 3:15:54 PM RunSender main
INFO: Sender start

нояб. 07, 2021 3:16:05 PM ClientPrizmHTTP getBalance
INFO: Client.getBalance()
нояб. 07, 2021 3:16:05 PM ClientPrizmHTTP getJsonWithAccountId
INFO: Client.getJsonWithAccountId()
нояб. 07, 2021 3:16:05 PM ClientPrizmHTTP getBalance
INFO: Client.getBalance()
нояб. 07, 2021 3:16:05 PM ClientPrizmHTTP getJsonWithAccountId
INFO: Client.getJsonWithAccountId()
нояб. 07, 2021 3:17:05 PM ClientPrizmHTTP getBalance
INFO: Client.getBalance()
нояб. 07, 2021 3:17:05 PM ClientPrizmHTTP getJsonWithAccountId
INFO: Client.getJsonWithAccountId()
нояб. 07, 2021 3:18:05 PM ClientPrizmHTTP getBalance
INFO: Client.getBalance()
нояб. 07, 2021 3:18:05 PM ClientPrizmHTTP getJsonWithAccountId
INFO: Client.getJsonWithAccountId()
нояб. 07, 2021 3:19:05 PM ClientPrizmHTTP getBalance
INFO: Client.getBalance()
нояб. 07, 2021 3:19:05 PM ClientPrizmHTTP getJsonWithAccountId
INFO: Client.getJsonWithAccountId()
нояб. 07, 2021 3:20:05 PM ClientPrizmHTTP getBalance
INFO: Client.getBalance()
нояб. 07, 2021 3:20:05 PM ClientPrizmHTTP getJsonWithAccountId
INFO: Client.getJsonWithAccountId()
нояб. 07, 2021 3:21:05 PM ClientPrizmHTTP getBalance
INFO: Client.getBalance()
нояб. 07, 2021 3:21:05 PM ClientPrizmHTTP getJsonWithAccountId
INFO: Client.getJsonWithAccountId()
нояб. 07, 2021 3:22:05 PM ClientPrizmHTTP getBalance
INFO: Client.getBalance()
нояб. 07, 2021 3:22:05 PM ClientPrizmHTTP getJsonWithAccountId
INFO: Client.getJsonWithAccountId()
нояб. 07, 2021 3:23:05 PM ClientPrizmHTTP getBalance
INFO: Client.getBalance()
нояб. 07, 2021 3:23:05 PM ClientPrizmHTTP getJsonWithAccountId
INFO: Client.getJsonWithAccountId()
нояб. 07, 2021 3:24:05 PM ClientPrizmHTTP getBalance
INFO: Client.getBalance()
нояб. 07, 2021 3:24:05 PM ClientPrizmHTTP getJsonWithAccountId
INFO: Client.getJsonWithAccountId()
нояб. 07, 2021 3:25:05 PM ClientPrizmHTTP getBalance
INFO: Client.getBalance()
нояб. 07, 2021 3:25:05 PM ClientPrizmHTTP getJsonWithAccountId
INFO: Client.getJsonWithAccountId()
нояб. 07, 2021 3:26:05 PM ClientPrizmHTTP getBalance
INFO: Client.getBalance()
нояб. 07, 2021 3:26:05 PM ClientPrizmHTTP getJsonWithAccountId
INFO: Client.getJsonWithAccountId()
нояб. 07, 2021 3:27:05 PM ClientPrizmHTTP getBalance
INFO: Client.getBalance()
нояб. 07, 2021 3:27:05 PM ClientPrizmHTTP getJsonWithAccountId
INFO: Client.getJsonWithAccountId()
нояб. 07, 2021 3:28:05 PM ClientPrizmHTTP getBalance
INFO: Client.getBalance()
нояб. 07, 2021 3:28:05 PM ClientPrizmHTTP getJsonWithAccountId
INFO: Client.getJsonWithAccountId()
